resources/build/intermediates/manifest_merge_blame_file/release/manifest-merger-blame-release-report.txt
1<?xml version="1.0" encoding="utf-8"?>
2<manifest xmlns:android="http://schemas.android.com/apk/res/android"
3    xmlns:dist="http://schemas.android.com/apk/distribution"
4    featureSplit="resources"
5    package="by.carkva_gazeta.malitounik"
6    android:versionCode="43633"
7    android:versionName="3.8.0" >
8
9    <uses-sdk
10        android:minSdkVersion="14"
10-->src/main/AndroidManifest.xml
11        android:targetSdkVersion="29" />
11-->src/main/AndroidManifest.xml
12
13    <dist:module
13-->src/main/AndroidManifest.xml:6:5-13:19
14        dist:instant="false"
14-->src/main/AndroidManifest.xml:7:9-29
15        dist:title="@string/title_resources" >
15-->src/main/AndroidManifest.xml:8:9-45
16        <dist:delivery>
16-->src/main/AndroidManifest.xml:9:9-11:25
17            <dist:install-time />
17-->src/main/AndroidManifest.xml:10:13-34
18        </dist:delivery>
19
20        <dist:fusing dist:include="true" />
20-->src/main/AndroidManifest.xml:12:9-44
20-->src/main/AndroidManifest.xml:12:22-41
21    </dist:module>
22
23    <application android:hardwareAccelerated="true" >
23-->src/main/AndroidManifest.xml:15:5-212:19
23-->src/main/AndroidManifest.xml:16:8-42
24        <activity
24-->src/main/AndroidManifest.xml:17:9-24:20
25            android:name="by.carkva_gazeta.resources.Chytanne"
25-->src/main/AndroidManifest.xml:18:13-63
26            android:label="@string/CZYTANNE"
26-->src/main/AndroidManifest.xml:19:13-45
27            android:theme="@style/AppTheme.NoActionBar" >
27-->src/main/AndroidManifest.xml:20:13-56
28            <meta-data
28-->src/main/AndroidManifest.xml:21:13-23:76
29                android:name="android.support.PARENT_ACTIVITY"
29-->src/main/AndroidManifest.xml:22:17-63
30                android:value="by.carkva_gazeta.malitounik.MainActivity" />
30-->src/main/AndroidManifest.xml:23:17-73
31        </activity>
32        <activity
32-->src/main/AndroidManifest.xml:25:9-32:20
33            android:name="by.carkva_gazeta.resources.Opisanie"
33-->src/main/AndroidManifest.xml:26:13-63
34            android:label="@string/zmiest"
34-->src/main/AndroidManifest.xml:27:13-43
35            android:theme="@style/AppTheme.NoActionBar" >
35-->src/main/AndroidManifest.xml:28:13-56
36            <meta-data
36-->src/main/AndroidManifest.xml:21:13-23:76
37                android:name="android.support.PARENT_ACTIVITY"
37-->src/main/AndroidManifest.xml:22:17-63
38                android:value="by.carkva_gazeta.malitounik.MainActivity" />
38-->src/main/AndroidManifest.xml:23:17-73
39        </activity>
40        <activity
40-->src/main/AndroidManifest.xml:33:9-41:20
41            android:name="by.carkva_gazeta.resources.StaryZapavietSemuxa"
41-->src/main/AndroidManifest.xml:34:13-74
42            android:label="@string/title_activity_stary_zapaviet2"
42-->src/main/AndroidManifest.xml:36:13-67
43            android:theme="@style/AppTheme.NoActionBar"
43-->src/main/AndroidManifest.xml:37:13-56
44            android:windowSoftInputMode="stateAlwaysHidden" >
44-->src/main/AndroidManifest.xml:35:13-60
45            <meta-data
45-->src/main/AndroidManifest.xml:21:13-23:76
46                android:name="android.support.PARENT_ACTIVITY"
46-->src/main/AndroidManifest.xml:22:17-63
47                android:value="by.carkva_gazeta.malitounik.MainActivity" />
47-->src/main/AndroidManifest.xml:23:17-73
48        </activity>
49        <activity
49-->src/main/AndroidManifest.xml:42:9-50:20
50            android:name="by.carkva_gazeta.resources.NovyZapavietSemuxa"
50-->src/main/AndroidManifest.xml:43:13-73
51            android:label="@string/novy_zapaviet"
51-->src/main/AndroidManifest.xml:45:13-50
52            android:theme="@style/AppTheme.NoActionBar"
52-->src/main/AndroidManifest.xml:46:13-56
53            android:windowSoftInputMode="stateAlwaysHidden" >
53-->src/main/AndroidManifest.xml:44:13-60
54            <meta-data
54-->src/main/AndroidManifest.xml:21:13-23:76
55                android:name="android.support.PARENT_ACTIVITY"
55-->src/main/AndroidManifest.xml:22:17-63
56                android:value="by.carkva_gazeta.malitounik.MainActivity" />
56-->src/main/AndroidManifest.xml:23:17-73
57        </activity>
58        <activity
58-->src/main/AndroidManifest.xml:51:9-59:20
59            android:name="by.carkva_gazeta.resources.StaryZapavietSinaidal"
59-->src/main/AndroidManifest.xml:52:13-76
60            android:label="@string/stsinaidal"
60-->src/main/AndroidManifest.xml:54:13-47
61            android:theme="@style/AppTheme.NoActionBar"
61-->src/main/AndroidManifest.xml:55:13-56
62            android:windowSoftInputMode="stateAlwaysHidden" >
62-->src/main/AndroidManifest.xml:53:13-60
63            <meta-data
63-->src/main/AndroidManifest.xml:21:13-23:76
64                android:name="android.support.PARENT_ACTIVITY"
64-->src/main/AndroidManifest.xml:22:17-63
65                android:value="by.carkva_gazeta.malitounik.MainActivity" />
65-->src/main/AndroidManifest.xml:23:17-73
66        </activity>
67        <activity
67-->src/main/AndroidManifest.xml:60:9-68:20
68            android:name="by.carkva_gazeta.resources.NovyZapavietSinaidal"
68-->src/main/AndroidManifest.xml:61:13-75
69            android:label="@string/novsinaidal"
69-->src/main/AndroidManifest.xml:63:13-48
70            android:theme="@style/AppTheme.NoActionBar"
70-->src/main/AndroidManifest.xml:64:13-56
71            android:windowSoftInputMode="stateAlwaysHidden" >
71-->src/main/AndroidManifest.xml:62:13-60
72            <meta-data
72-->src/main/AndroidManifest.xml:21:13-23:76
73                android:name="android.support.PARENT_ACTIVITY"
73-->src/main/AndroidManifest.xml:22:17-63
74                android:value="by.carkva_gazeta.malitounik.MainActivity" />
74-->src/main/AndroidManifest.xml:23:17-73
75        </activity>
76        <activity
76-->src/main/AndroidManifest.xml:69:9-76:20
77            android:name="by.carkva_gazeta.resources.MaranAta"
77-->src/main/AndroidManifest.xml:70:13-63
78            android:label="@string/maranata"
78-->src/main/AndroidManifest.xml:71:13-45
79            android:theme="@style/AppTheme.NoActionBar" >
79-->src/main/AndroidManifest.xml:72:13-56
80            <meta-data
80-->src/main/AndroidManifest.xml:21:13-23:76
81                android:name="android.support.PARENT_ACTIVITY"
81-->src/main/AndroidManifest.xml:22:17-63
82                android:value="by.carkva_gazeta.malitounik.MainActivity" />
82-->src/main/AndroidManifest.xml:23:17-73
83        </activity>
84        <activity
84-->src/main/AndroidManifest.xml:77:9-85:20
85            android:name="by.carkva_gazeta.resources.MyNatatkiAdd"
85-->src/main/AndroidManifest.xml:78:13-67
86            android:label="@string/MALITVA_ADD"
86-->src/main/AndroidManifest.xml:79:13-48
87            android:theme="@style/AppTheme.NoActionBar"
87-->src/main/AndroidManifest.xml:80:13-56
88            android:windowSoftInputMode="stateVisible|adjustResize" >
88-->src/main/AndroidManifest.xml:81:13-68
89            <meta-data
89-->src/main/AndroidManifest.xml:21:13-23:76
90                android:name="android.support.PARENT_ACTIVITY"
90-->src/main/AndroidManifest.xml:22:17-63
91                android:value="by.carkva_gazeta.malitounik.MainActivity" />
91-->src/main/AndroidManifest.xml:23:17-73
92        </activity>
93        <activity
93-->src/main/AndroidManifest.xml:86:9-92:20
94            android:name="by.carkva_gazeta.resources.MyNatatkiView"
94-->src/main/AndroidManifest.xml:87:13-68
95            android:theme="@style/AppTheme.NoActionBar" >
95-->src/main/AndroidManifest.xml:88:13-56
96            <meta-data
96-->src/main/AndroidManifest.xml:21:13-23:76
97                android:name="android.support.PARENT_ACTIVITY"
97-->src/main/AndroidManifest.xml:22:17-63
98                android:value="by.carkva_gazeta.malitounik.MainActivity" />
98-->src/main/AndroidManifest.xml:23:17-73
99        </activity>
100        <activity
100-->src/main/AndroidManifest.xml:93:9-101:20
101            android:name="by.carkva_gazeta.resources.Bogashlugbovya"
101-->src/main/AndroidManifest.xml:94:13-69
102            android:label="@string/LITURGIKON"
102-->src/main/AndroidManifest.xml:95:13-47
103            android:theme="@style/AppTheme.NoActionBar"
103-->src/main/AndroidManifest.xml:96:13-56
104            android:windowSoftInputMode="stateHidden|adjustResize" >
104-->src/main/AndroidManifest.xml:97:13-67
105            <meta-data
105-->src/main/AndroidManifest.xml:21:13-23:76
106                android:name="android.support.PARENT_ACTIVITY"
106-->src/main/AndroidManifest.xml:22:17-63
107                android:value="by.carkva_gazeta.malitounik.MainActivity" />
107-->src/main/AndroidManifest.xml:23:17-73
108        </activity>
109        <activity
109-->src/main/AndroidManifest.xml:102:9-110:20
110            android:name="by.carkva_gazeta.resources.MalitvyPrynagodnyia"
110-->src/main/AndroidManifest.xml:103:13-74
111            android:label="@string/prynagodnyia"
111-->src/main/AndroidManifest.xml:104:13-49
112            android:theme="@style/AppTheme.NoActionBar"
112-->src/main/AndroidManifest.xml:105:13-56
113            android:windowSoftInputMode="stateHidden|adjustResize" >
113-->src/main/AndroidManifest.xml:106:13-67
114            <meta-data
114-->src/main/AndroidManifest.xml:21:13-23:76
115                android:name="android.support.PARENT_ACTIVITY"
115-->src/main/AndroidManifest.xml:22:17-63
116                android:value="by.carkva_gazeta.malitounik.MainActivity" />
116-->src/main/AndroidManifest.xml:23:17-73
117        </activity>
118        <activity
118-->src/main/AndroidManifest.xml:111:9-118:20
119            android:name="by.carkva_gazeta.resources.Prynagodnyia"
119-->src/main/AndroidManifest.xml:112:13-67
120            android:label="@string/prynagodnyia"
120-->src/main/AndroidManifest.xml:113:13-49
121            android:theme="@style/AppTheme.NoActionBar" >
121-->src/main/AndroidManifest.xml:114:13-56
122            <meta-data
122-->src/main/AndroidManifest.xml:21:13-23:76
123                android:name="android.support.PARENT_ACTIVITY"
123-->src/main/AndroidManifest.xml:22:17-63
124                android:value="by.carkva_gazeta.resources.MalitvyPrynagodnyia" />
124-->src/main/AndroidManifest.xml:23:17-73
125        </activity>
126        <activity
126-->src/main/AndroidManifest.xml:119:9-127:20
127            android:name="by.carkva_gazeta.resources.SearchBiblia"
127-->src/main/AndroidManifest.xml:120:13-67
128            android:label="@string/search"
128-->src/main/AndroidManifest.xml:121:13-43
129            android:theme="@style/AppTheme.NoActionBar"
129-->src/main/AndroidManifest.xml:122:13-56
130            android:windowSoftInputMode="stateVisible|adjustResize" >
130-->src/main/AndroidManifest.xml:123:13-68
131            <meta-data
131-->src/main/AndroidManifest.xml:21:13-23:76
132                android:name="android.support.PARENT_ACTIVITY"
132-->src/main/AndroidManifest.xml:22:17-63
133                android:value="by.carkva_gazeta.malitounik.MainActivity" />
133-->src/main/AndroidManifest.xml:23:17-73
134        </activity>
135        <activity
135-->src/main/AndroidManifest.xml:128:9-135:20
136            android:name="by.carkva_gazeta.resources.PasliaPrychascia"
136-->src/main/AndroidManifest.xml:129:13-71
137            android:label="@string/pasliaPrychscia"
137-->src/main/AndroidManifest.xml:130:13-52
138            android:theme="@style/AppTheme.NoActionBar" >
138-->src/main/AndroidManifest.xml:131:13-56
139            <meta-data
139-->src/main/AndroidManifest.xml:21:13-23:76
140                android:name="android.support.PARENT_ACTIVITY"
140-->src/main/AndroidManifest.xml:22:17-63
141                android:value="by.carkva_gazeta.malitounik.MalitvyPasliaPrychascia" />
141-->src/main/AndroidManifest.xml:23:17-73
142        </activity>
143        <activity
143-->src/main/AndroidManifest.xml:136:9-143:20
144            android:name="by.carkva_gazeta.resources.Ton"
144-->src/main/AndroidManifest.xml:137:13-58
145            android:label="@string/ton_n"
145-->src/main/AndroidManifest.xml:138:13-42
146            android:theme="@style/AppTheme.NoActionBar" >
146-->src/main/AndroidManifest.xml:139:13-56
147            <meta-data
147-->src/main/AndroidManifest.xml:21:13-23:76
148                android:name="android.support.PARENT_ACTIVITY"
148-->src/main/AndroidManifest.xml:22:17-63
149                android:value="by.carkva_gazeta.malitounik.MainActivity" />
149-->src/main/AndroidManifest.xml:23:17-73
150        </activity>
151        <activity
151-->src/main/AndroidManifest.xml:144:9-151:20
152            android:name="by.carkva_gazeta.resources.ParafiiBgkcDekanat"
152-->src/main/AndroidManifest.xml:145:13-73
153            android:label="@string/parafii"
153-->src/main/AndroidManifest.xml:146:13-44
154            android:theme="@style/AppTheme.NoActionBar" >
154-->src/main/AndroidManifest.xml:147:13-56
155            <meta-data
155-->src/main/AndroidManifest.xml:21:13-23:76
156                android:name="android.support.PARENT_ACTIVITY"
156-->src/main/AndroidManifest.xml:22:17-63
157                android:value="by.carkva_gazeta.malitounik.MainActivity" />
157-->src/main/AndroidManifest.xml:23:17-73
158        </activity>
159        <activity
159-->src/main/AndroidManifest.xml:152:9-159:20
160            android:name="by.carkva_gazeta.resources.ParafiiBgkc"
160-->src/main/AndroidManifest.xml:153:13-66
161            android:label="@string/parafii"
161-->src/main/AndroidManifest.xml:154:13-44
162            android:theme="@style/AppTheme.NoActionBar" >
162-->src/main/AndroidManifest.xml:155:13-56
163            <meta-data
163-->src/main/AndroidManifest.xml:21:13-23:76
164                android:name="android.support.PARENT_ACTIVITY"
164-->src/main/AndroidManifest.xml:22:17-63
165                android:value="by.carkva_gazeta.resources.ParafiiBgkcDekanat" />
165-->src/main/AndroidManifest.xml:23:17-73
166        </activity>
167        <activity
167-->src/main/AndroidManifest.xml:160:9-165:20
168            android:name="by.carkva_gazeta.resources.BibleZakladki"
168-->src/main/AndroidManifest.xml:160:19-74
169            android:theme="@style/AppTheme.NoActionBar" >
169-->src/main/AndroidManifest.xml:161:13-56
170            <meta-data
170-->src/main/AndroidManifest.xml:21:13-23:76
171                android:name="android.support.PARENT_ACTIVITY"
171-->src/main/AndroidManifest.xml:22:17-63
172                android:value="by.carkva_gazeta.malitounik.MainActivity" />
172-->src/main/AndroidManifest.xml:23:17-73
173        </activity>
174        <activity
174-->src/main/AndroidManifest.xml:166:9-171:20
175            android:name="by.carkva_gazeta.resources.BibleNatatki"
175-->src/main/AndroidManifest.xml:166:19-73
176            android:theme="@style/AppTheme.NoActionBar" >
176-->src/main/AndroidManifest.xml:167:13-56
177            <meta-data
177-->src/main/AndroidManifest.xml:21:13-23:76
178                android:name="android.support.PARENT_ACTIVITY"
178-->src/main/AndroidManifest.xml:22:17-63
179                android:value="by.carkva_gazeta.malitounik.MainActivity" />
179-->src/main/AndroidManifest.xml:23:17-73
180        </activity>
181        <activity
181-->src/main/AndroidManifest.xml:172:9-179:20
182            android:name="by.carkva_gazeta.resources.PsalterNadsana"
182-->src/main/AndroidManifest.xml:173:13-69
183            android:label="@string/title_psalter"
183-->src/main/AndroidManifest.xml:174:13-50
184            android:theme="@style/AppTheme.NoActionBar" >
184-->src/main/AndroidManifest.xml:175:13-56
185            <meta-data
185-->src/main/AndroidManifest.xml:21:13-23:76
186                android:name="android.support.PARENT_ACTIVITY"
186-->src/main/AndroidManifest.xml:22:17-63
187                android:value="by.carkva_gazeta.malitounik.MainActivity" />
187-->src/main/AndroidManifest.xml:23:17-73
188        </activity>
189        <activity
189-->src/main/AndroidManifest.xml:180:9-187:20
190            android:name="by.carkva_gazeta.resources.NadsanContentActivity"
190-->src/main/AndroidManifest.xml:181:13-76
191            android:label="@string/title_psalter"
191-->src/main/AndroidManifest.xml:182:13-50
192            android:theme="@style/AppTheme.NoActionBar" >
192-->src/main/AndroidManifest.xml:183:13-56
193            <meta-data
193-->src/main/AndroidManifest.xml:21:13-23:76
194                android:name="android.support.PARENT_ACTIVITY"
194-->src/main/AndroidManifest.xml:22:17-63
195                android:value="by.carkva_gazeta.malitounik.MainActivity" />
195-->src/main/AndroidManifest.xml:23:17-73
196        </activity>
197        <activity
197-->src/main/AndroidManifest.xml:188:9-195:20
198            android:name="by.carkva_gazeta.resources.NadsanMalitvyIPesni"
198-->src/main/AndroidManifest.xml:189:13-74
199            android:label="@string/title_psalter"
199-->src/main/AndroidManifest.xml:190:13-50
200            android:theme="@style/AppTheme.NoActionBar" >
200-->src/main/AndroidManifest.xml:191:13-56
201            <meta-data
201-->src/main/AndroidManifest.xml:21:13-23:76
202                android:name="android.support.PARENT_ACTIVITY"
202-->src/main/AndroidManifest.xml:22:17-63
203                android:value="by.carkva_gazeta.malitounik.MainActivity" />
203-->src/main/AndroidManifest.xml:23:17-73
204        </activity>
205        <activity
205-->src/main/AndroidManifest.xml:196:9-203:20
206            android:name="by.carkva_gazeta.resources.SlugbyVialikagaPostuSpis"
206-->src/main/AndroidManifest.xml:197:13-79
207            android:label="@string/slugby_vialikaga_postu"
207-->src/main/AndroidManifest.xml:198:13-59
208            android:theme="@style/AppTheme.NoActionBar" >
208-->src/main/AndroidManifest.xml:199:13-56
209            <meta-data
209-->src/main/AndroidManifest.xml:21:13-23:76
210                android:name="android.support.PARENT_ACTIVITY"
210-->src/main/AndroidManifest.xml:22:17-63
211                android:value="by.carkva_gazeta.malitounik.MainActivity" />
211-->src/main/AndroidManifest.xml:23:17-73
212        </activity>
213        <activity
213-->src/main/AndroidManifest.xml:204:9-211:20
214            android:name="by.carkva_gazeta.resources.SlugbyVialikagaPostu"
214-->src/main/AndroidManifest.xml:205:13-75
215            android:label="@string/slugby_vialikaga_postu"
215-->src/main/AndroidManifest.xml:206:13-59
216            android:theme="@style/AppTheme.NoActionBar" >
216-->src/main/AndroidManifest.xml:207:13-56
217            <meta-data
217-->src/main/AndroidManifest.xml:21:13-23:76
218                android:name="android.support.PARENT_ACTIVITY"
218-->src/main/AndroidManifest.xml:22:17-63
219                android:value="by.carkva_gazeta.malitounik.MainActivity" />
219-->src/main/AndroidManifest.xml:23:17-73
220        </activity>
221    </application>
222
223</manifest>